<?xml version="1.0" encoding="UTF-8"?>
<!-- Generated by org.testng.reporters.JUnitReportReporter -->
<testsuite skipped="0" hostname="i" name="Scripts.Testcase3" tests="1" failures="0" timestamp="25 Jun 2018 10:19:31 GMT" time="67.548" errors="0">
  <testcase name="action4" time="67.548" classname="Scripts.Testcase3"/>
</testsuite> <!-- Scripts.Testcase3 -->
