<?xml version="1.0" encoding="UTF-8"?>
<!-- Generated by org.testng.reporters.JUnitReportReporter -->
<testsuite skipped="0" hostname="i" name="Scripts.Testcase2" tests="1" failures="0" timestamp="25 Jun 2018 10:19:31 GMT" time="59.207" errors="0">
  <testcase name="action3" time="59.207" classname="Scripts.Testcase2"/>
</testsuite> <!-- Scripts.Testcase2 -->
