<?xml version="1.0" encoding="UTF-8"?>
<!-- Generated by org.testng.reporters.JUnitReportReporter -->
<testsuite skipped="0" hostname="i" name="Scripts.Testcase4" tests="1" failures="0" timestamp="25 Jun 2018 10:19:31 GMT" time="76.004" errors="0">
  <testcase name="actoin5" time="76.004" classname="Scripts.Testcase4"/>
</testsuite> <!-- Scripts.Testcase4 -->
