<?xml version="1.0" encoding="UTF-8"?>
<!-- Generated by org.testng.reporters.JUnitReportReporter -->
<testsuite skipped="0" hostname="i" name="Scripts.Testcase7" tests="1" failures="0" timestamp="25 Jun 2018 10:19:31 GMT" time="58.346" errors="0">
  <testcase name="test8" time="58.346" classname="Scripts.Testcase7"/>
</testsuite> <!-- Scripts.Testcase7 -->
