<?xml version="1.0" encoding="UTF-8"?>
<!-- Generated by org.testng.reporters.JUnitReportReporter -->
<testsuite skipped="0" hostname="i" name="Scripts.Testcase9" tests="1" failures="0" timestamp="25 Jun 2018 10:19:31 GMT" time="58.873" errors="0">
  <testcase name="test" time="58.873" classname="Scripts.Testcase9"/>
</testsuite> <!-- Scripts.Testcase9 -->
