<?xml version="1.0" encoding="UTF-8"?>
<!-- Generated by org.testng.reporters.JUnitReportReporter -->
<testsuite skipped="0" hostname="i" name="Scripts.Testcase6" tests="1" failures="0" timestamp="25 Jun 2018 10:19:31 GMT" time="83.347" errors="0">
  <testcase name="action7" time="83.347" classname="Scripts.Testcase6"/>
</testsuite> <!-- Scripts.Testcase6 -->
