<?xml version="1.0" encoding="UTF-8"?>
<!-- Generated by org.testng.reporters.JUnitReportReporter -->
<testsuite skipped="0" hostname="i" name="Scripts.Testcase8" tests="1" failures="0" timestamp="25 Jun 2018 10:19:31 GMT" time="56.338" errors="0">
  <testcase name="test9" time="56.338" classname="Scripts.Testcase8"/>
</testsuite> <!-- Scripts.Testcase8 -->
